{"/Users/adrian/Documents/personal/platzi/JS-testing/array.js": {"path":"/Users/adrian/Documents/personal/platzi/JS-testing/array.js","statementMap":{"0":{"start":{"line":1,"column":15},"end":{"line":1,"column":74}},"1":{"start":{"line":2,"column":15},"end":{"line":2,"column":60}},"2":{"start":{"line":4,"column":27},"end":{"line":4,"column":39}},"3":{"start":{"line":4,"column":33},"end":{"line":4,"column":39}},"4":{"start":{"line":6,"column":27},"end":{"line":6,"column":39}},"5":{"start":{"line":6,"column":33},"end":{"line":6,"column":39}}},"fnMap":{"0":{"name":"(anonymous_0)","decl":{"start":{"line":4,"column":27},"end":{"line":4,"column":28}},"loc":{"start":{"line":4,"column":33},"end":{"line":4,"column":39}},"line":4},"1":{"name":"(anonymous_1)","decl":{"start":{"line":6,"column":27},"end":{"line":6,"column":28}},"loc":{"start":{"line":6,"column":33},"end":{"line":6,"column":39}},"line":6}},"branchMap":{},"s":{"0":1,"1":1,"2":1,"3":3,"4":1,"5":1},"f":{"0":3,"1":1},"b":{},"_coverageSchema":"1a1c01bbd47fc00a2c39e90264f33305004495a9","hash":"5bfaa42673b586d939c141199a30ebe0a2cd3f82"}
,"/Users/adrian/Documents/personal/platzi/JS-testing/maths.js": {"path":"/Users/adrian/Documents/personal/platzi/JS-testing/maths.js","statementMap":{"0":{"start":{"line":1,"column":19},"end":{"line":3,"column":1}},"1":{"start":{"line":2,"column":2},"end":{"line":2,"column":15}},"2":{"start":{"line":5,"column":21},"end":{"line":7,"column":1}},"3":{"start":{"line":6,"column":2},"end":{"line":6,"column":15}},"4":{"start":{"line":9,"column":25},"end":{"line":11,"column":1}},"5":{"start":{"line":10,"column":2},"end":{"line":10,"column":15}},"6":{"start":{"line":13,"column":22},"end":{"line":15,"column":1}},"7":{"start":{"line":14,"column":2},"end":{"line":14,"column":15}}},"fnMap":{"0":{"name":"(anonymous_0)","decl":{"start":{"line":1,"column":19},"end":{"line":1,"column":20}},"loc":{"start":{"line":1,"column":29},"end":{"line":3,"column":1}},"line":1},"1":{"name":"(anonymous_1)","decl":{"start":{"line":5,"column":21},"end":{"line":5,"column":22}},"loc":{"start":{"line":5,"column":31},"end":{"line":7,"column":1}},"line":5},"2":{"name":"(anonymous_2)","decl":{"start":{"line":9,"column":25},"end":{"line":9,"column":26}},"loc":{"start":{"line":9,"column":35},"end":{"line":11,"column":1}},"line":9},"3":{"name":"(anonymous_3)","decl":{"start":{"line":13,"column":22},"end":{"line":13,"column":23}},"loc":{"start":{"line":13,"column":32},"end":{"line":15,"column":1}},"line":13}},"branchMap":{},"s":{"0":1,"1":1,"2":1,"3":1,"4":1,"5":1,"6":1,"7":1},"f":{"0":1,"1":1,"2":1,"3":1},"b":{},"_coverageSchema":"1a1c01bbd47fc00a2c39e90264f33305004495a9","hash":"56ca8e8b0eb9bf310078214467d904fb048de7cc"}
,"/Users/adrian/Documents/personal/platzi/JS-testing/numbers.js": {"path":"/Users/adrian/Documents/personal/platzi/JS-testing/numbers.js","statementMap":{"0":{"start":{"line":1,"column":23},"end":{"line":3,"column":1}},"1":{"start":{"line":2,"column":2},"end":{"line":2,"column":15}}},"fnMap":{"0":{"name":"(anonymous_0)","decl":{"start":{"line":1,"column":23},"end":{"line":1,"column":24}},"loc":{"start":{"line":1,"column":33},"end":{"line":3,"column":1}},"line":1}},"branchMap":{},"s":{"0":1,"1":5},"f":{"0":5},"b":{},"_coverageSchema":"1a1c01bbd47fc00a2c39e90264f33305004495a9","hash":"1dba6332b3b4647229f2a130d3d0ec568f048104"}
,"/Users/adrian/Documents/personal/platzi/JS-testing/true.js": {"path":"/Users/adrian/Documents/personal/platzi/JS-testing/true.js","statementMap":{"0":{"start":{"line":1,"column":22},"end":{"line":1,"column":32}},"1":{"start":{"line":1,"column":28},"end":{"line":1,"column":32}},"2":{"start":{"line":3,"column":22},"end":{"line":3,"column":32}},"3":{"start":{"line":3,"column":28},"end":{"line":3,"column":32}},"4":{"start":{"line":5,"column":23},"end":{"line":5,"column":34}},"5":{"start":{"line":5,"column":29},"end":{"line":5,"column":34}},"6":{"start":{"line":7,"column":27},"end":{"line":7,"column":42}},"7":{"start":{"line":7,"column":33},"end":{"line":7,"column":42}}},"fnMap":{"0":{"name":"(anonymous_0)","decl":{"start":{"line":1,"column":22},"end":{"line":1,"column":23}},"loc":{"start":{"line":1,"column":28},"end":{"line":1,"column":32}},"line":1},"1":{"name":"(anonymous_1)","decl":{"start":{"line":3,"column":22},"end":{"line":3,"column":23}},"loc":{"start":{"line":3,"column":28},"end":{"line":3,"column":32}},"line":3},"2":{"name":"(anonymous_2)","decl":{"start":{"line":5,"column":23},"end":{"line":5,"column":24}},"loc":{"start":{"line":5,"column":29},"end":{"line":5,"column":34}},"line":5},"3":{"name":"(anonymous_3)","decl":{"start":{"line":7,"column":27},"end":{"line":7,"column":28}},"loc":{"start":{"line":7,"column":33},"end":{"line":7,"column":42}},"line":7}},"branchMap":{},"s":{"0":1,"1":1,"2":1,"3":1,"4":1,"5":2,"6":1,"7":1},"f":{"0":1,"1":1,"2":2,"3":1},"b":{},"_coverageSchema":"1a1c01bbd47fc00a2c39e90264f33305004495a9","hash":"118aeeb37c416db6ac3d3286ad7c9f6ad409f2c2"}
}
